<?xml version="1.0" encoding="UTF-8"?>
<testng-results skipped="0" failed="1" ignored="0" total="3" passed="2">
  <reporter-output>
  </reporter-output>
  <suite name="Suite" duration-ms="54296" started-at="2021-10-26T12:33:32 IST" finished-at="2021-10-26T12:34:26 IST">
    <groups>
    </groups>
    <test name="Test1" duration-ms="20244" started-at="2021-10-26T12:33:32 IST" finished-at="2021-10-26T12:33:52 IST">
      <class name="googleTest.TS001">
        <test-method status="PASS" signature="STEP01()[pri:0, instance:googleTest.TS001@61f8bee4]" name="STEP01" duration-ms="20081" started-at="2021-10-26T12:33:32 IST" finished-at="2021-10-26T12:33:52 IST">
          <reporter-output>
          </reporter-output>
        </test-method> <!-- STEP01 -->
      </class> <!-- googleTest.TS001 -->
    </test> <!-- Test1 -->
    <test name="Test2" duration-ms="34000" started-at="2021-10-26T12:33:52 IST" finished-at="2021-10-26T12:34:26 IST">
      <class name="googleTest.TS003">
        <test-method status="FAIL" signature="step02()[pri:0, instance:googleTest.TS003@2833cc44]" name="step02" duration-ms="7440" started-at="2021-10-26T12:34:18 IST" finished-at="2021-10-26T12:34:26 IST">
          <exception class="java.lang.AssertionError">
            <message>
              <![CDATA[expected [Google] but found [Googles]]]>
            </message>
            <full-stacktrace>
              <![CDATA[java.lang.AssertionError: expected [Google] but found [Googles]
at org.testng.Assert.fail(Assert.java:99)
at org.testng.Assert.failNotEquals(Assert.java:1037)
at org.testng.Assert.assertEqualsImpl(Assert.java:140)
at org.testng.Assert.assertEquals(Assert.java:122)
at org.testng.Assert.assertEquals(Assert.java:629)
at org.testng.Assert.assertEquals(Assert.java:639)
at googleTest.TS003.step02(TS003.java:16)
at sun.reflect.NativeMethodAccessorImpl.invoke0(Native Method)
at sun.reflect.NativeMethodAccessorImpl.invoke(NativeMethodAccessorImpl.java:62)
at sun.reflect.DelegatingMethodAccessorImpl.invoke(DelegatingMethodAccessorImpl.java:43)
at java.lang.reflect.Method.invoke(Method.java:498)
at org.testng.internal.MethodInvocationHelper.invokeMethod(MethodInvocationHelper.java:133)
at org.testng.internal.TestInvoker.invokeMethod(TestInvoker.java:598)
at org.testng.internal.TestInvoker.invokeTestMethod(TestInvoker.java:173)
at org.testng.internal.MethodRunner.runInSequence(MethodRunner.java:46)
at org.testng.internal.TestInvoker$MethodInvocationAgent.invoke(TestInvoker.java:824)
at org.testng.internal.TestInvoker.invokeTestMethods(TestInvoker.java:146)
at org.testng.internal.TestMethodWorker.invokeTestMethods(TestMethodWorker.java:146)
at org.testng.internal.TestMethodWorker.run(TestMethodWorker.java:128)
at java.util.ArrayList.forEach(ArrayList.java:1257)
at org.testng.TestRunner.privateRun(TestRunner.java:794)
at org.testng.TestRunner.run(TestRunner.java:596)
at org.testng.SuiteRunner.runTest(SuiteRunner.java:377)
at org.testng.SuiteRunner.runSequentially(SuiteRunner.java:371)
at org.testng.SuiteRunner.privateRun(SuiteRunner.java:332)
at org.testng.SuiteRunner.run(SuiteRunner.java:276)
at org.testng.SuiteRunnerWorker.runSuite(SuiteRunnerWorker.java:53)
at org.testng.SuiteRunnerWorker.run(SuiteRunnerWorker.java:96)
at org.testng.TestNG.runSuitesSequentially(TestNG.java:1212)
at org.testng.TestNG.runSuitesLocally(TestNG.java:1134)
at org.testng.TestNG.runSuites(TestNG.java:1063)
at org.testng.TestNG.run(TestNG.java:1031)
at org.apache.maven.surefire.testng.TestNGExecutor.run(TestNGExecutor.java:284)
at org.apache.maven.surefire.testng.TestNGXmlTestSuite.execute(TestNGXmlTestSuite.java:75)
at org.apache.maven.surefire.testng.TestNGProvider.invoke(TestNGProvider.java:119)
at org.apache.maven.surefire.booter.ForkedBooter.runSuitesInProcess(ForkedBooter.java:428)
at org.apache.maven.surefire.booter.ForkedBooter.execute(ForkedBooter.java:162)
at org.apache.maven.surefire.booter.ForkedBooter.run(ForkedBooter.java:562)
at org.apache.maven.surefire.booter.ForkedBooter.main(ForkedBooter.java:548)
]]>
            </full-stacktrace>
          </exception> <!-- java.lang.AssertionError -->
          <reporter-output>
          </reporter-output>
        </test-method> <!-- step02 -->
        <test-method status="PASS" signature="tearDown()[pri:0, instance:googleTest.TS003@2833cc44]" name="tearDown" is-config="true" duration-ms="865" started-at="2021-10-26T12:34:26 IST" finished-at="2021-10-26T12:34:26 IST">
          <reporter-output>
          </reporter-output>
        </test-method> <!-- tearDown -->
      </class> <!-- googleTest.TS003 -->
      <class name="googleTest.TS002">
        <test-method status="PASS" signature="STEP01()[pri:0, instance:googleTest.TS002@1d29cf23]" name="STEP01" duration-ms="23250" started-at="2021-10-26T12:33:52 IST" finished-at="2021-10-26T12:34:16 IST">
          <reporter-output>
          </reporter-output>
        </test-method> <!-- STEP01 -->
        <test-method status="PASS" signature="tearDownMethod()[pri:0, instance:googleTest.TS002@1d29cf23]" name="tearDownMethod" is-config="true" duration-ms="2435" started-at="2021-10-26T12:34:16 IST" finished-at="2021-10-26T12:34:18 IST">
          <reporter-output>
          </reporter-output>
        </test-method> <!-- tearDownMethod -->
      </class> <!-- googleTest.TS002 -->
    </test> <!-- Test2 -->
  </suite> <!-- Suite -->
</testng-results>
